<?xml version="1.0" encoding="UTF-8"?>
<testsuite xmlns:xsi="http://www.w3.org/2001/XMLSchema-instance" xsi:noNamespaceSchemaLocation="https://maven.apache.org/surefire/maven-surefire-plugin/xsd/surefire-test-report.xsd" name="uaslp.enginering.labs.list.ArrayListTest" time="0.058" tests="16" errors="0" skipped="0" failures="0">
  <properties>
    <property name="java.specification.version" value="14"/>
    <property name="sun.cpu.isalist" value="amd64"/>
    <property name="sun.jnu.encoding" value="Cp1252"/>
    <property name="java.class.path" value="C:\Users\X\Documents\POO\exercise-list-oop\target\test-classes;C:\Users\X\Documents\POO\exercise-list-oop\target\classes;C:\Users\X\.m2\repository\org\junit\jupiter\junit-jupiter-engine\5.7.0\junit-jupiter-engine-5.7.0.jar;C:\Users\X\.m2\repository\org\apiguardian\apiguardian-api\1.1.0\apiguardian-api-1.1.0.jar;C:\Users\X\.m2\repository\org\junit\platform\junit-platform-engine\1.7.0\junit-platform-engine-1.7.0.jar;C:\Users\X\.m2\repository\org\opentest4j\opentest4j\1.2.0\opentest4j-1.2.0.jar;C:\Users\X\.m2\repository\org\junit\platform\junit-platform-commons\1.7.0\junit-platform-commons-1.7.0.jar;C:\Users\X\.m2\repository\org\junit\jupiter\junit-jupiter-api\5.7.0\junit-jupiter-api-5.7.0.jar;"/>
    <property name="java.vm.vendor" value="Oracle Corporation"/>
    <property name="sun.arch.data.model" value="64"/>
    <property name="user.variant" value=""/>
    <property name="java.vendor.url" value="https://java.oracle.com/"/>
    <property name="user.timezone" value="America/Mexico_City"/>
    <property name="os.name" value="Windows 10"/>
    <property name="java.vm.specification.version" value="14"/>
    <property name="sun.java.launcher" value="SUN_STANDARD"/>
    <property name="user.country" value="MX"/>
    <property name="sun.boot.library.path" value="C:\Program Files\Java\jdk-14.0.2\bin"/>
    <property name="sun.java.command" value="C:\Users\X\AppData\Local\Temp\surefire11265158675654778714\surefirebooter1334760063475109531.jar C:\Users\X\AppData\Local\Temp\surefire11265158675654778714 2020-11-09T20-44-09_771-jvmRun1 surefire5270736288221338127tmp surefire_010488284671110813083tmp"/>
    <property name="jdk.debug" value="release"/>
    <property name="surefire.test.class.path" value="C:\Users\X\Documents\POO\exercise-list-oop\target\test-classes;C:\Users\X\Documents\POO\exercise-list-oop\target\classes;C:\Users\X\.m2\repository\org\junit\jupiter\junit-jupiter-engine\5.7.0\junit-jupiter-engine-5.7.0.jar;C:\Users\X\.m2\repository\org\apiguardian\apiguardian-api\1.1.0\apiguardian-api-1.1.0.jar;C:\Users\X\.m2\repository\org\junit\platform\junit-platform-engine\1.7.0\junit-platform-engine-1.7.0.jar;C:\Users\X\.m2\repository\org\opentest4j\opentest4j\1.2.0\opentest4j-1.2.0.jar;C:\Users\X\.m2\repository\org\junit\platform\junit-platform-commons\1.7.0\junit-platform-commons-1.7.0.jar;C:\Users\X\.m2\repository\org\junit\jupiter\junit-jupiter-api\5.7.0\junit-jupiter-api-5.7.0.jar;"/>
    <property name="sun.cpu.endian" value="little"/>
    <property name="user.home" value="C:\Users\X"/>
    <property name="user.language" value="es"/>
    <property name="java.specification.vendor" value="Oracle Corporation"/>
    <property name="java.version.date" value="2020-07-14"/>
    <property name="java.home" value="C:\Program Files\Java\jdk-14.0.2"/>
    <property name="file.separator" value="\"/>
    <property name="basedir" value="C:\Users\X\Documents\POO\exercise-list-oop"/>
    <property name="java.vm.compressedOopsMode" value="32-bit"/>
    <property name="line.separator" value="&#10;"/>
    <property name="java.vm.specification.vendor" value="Oracle Corporation"/>
    <property name="java.specification.name" value="Java Platform API Specification"/>
    <property name="surefire.real.class.path" value="C:\Users\X\AppData\Local\Temp\surefire11265158675654778714\surefirebooter1334760063475109531.jar"/>
    <property name="user.script" value=""/>
    <property name="sun.management.compiler" value="HotSpot 64-Bit Tiered Compilers"/>
    <property name="java.runtime.version" value="14.0.2+12-46"/>
    <property name="user.name" value="X"/>
    <property name="path.separator" value=";"/>
    <property name="os.version" value="10.0"/>
    <property name="java.runtime.name" value="Java(TM) SE Runtime Environment"/>
    <property name="file.encoding" value="Cp1252"/>
    <property name="java.vm.name" value="Java HotSpot(TM) 64-Bit Server VM"/>
    <property name="localRepository" value="C:\Users\X\.m2\repository"/>
    <property name="java.vendor.url.bug" value="https://bugreport.java.com/bugreport/"/>
    <property name="java.io.tmpdir" value="C:\Users\X\AppData\Local\Temp\"/>
    <property name="idea.version" value="2020.2.1"/>
    <property name="java.version" value="14.0.2"/>
    <property name="user.dir" value="C:\Users\X\Documents\POO\exercise-list-oop"/>
    <property name="os.arch" value="amd64"/>
    <property name="java.vm.specification.name" value="Java Virtual Machine Specification"/>
    <property name="sun.os.patch.level" value=""/>
    <property name="java.library.path" value="C:\Program Files\Java\jdk-14.0.2\bin;C:\WINDOWS\Sun\Java\bin;C:\WINDOWS\system32;C:\WINDOWS;C:\Program Files (x86)\Intel\Intel(R) Management Engine Components\iCLS\;C:\Program Files\Intel\Intel(R) Management Engine Components\iCLS\;C:\Program Files (x86)\Common Files\Oracle\Java\javapath;C:\Windows\system32;C:\Windows;C:\Windows\System32\Wbem;C:\Windows\System32\WindowsPowerShell\v1.0\;C:\Windows\System32\OpenSSH\;C:\Program Files (x86)\Intel\Intel(R) Management Engine Components\DAL;C:\Program Files\Intel\Intel(R) Management Engine Components\DAL;C:\Program Files (x86)\Intel\Intel(R) Management Engine Components\IPT;C:\Program Files\Intel\Intel(R) Management Engine Components\IPT;C:\Program Files (x86)\NVIDIA Corporation\PhysX\Common;C:\WINDOWS\system32;C:\WINDOWS;C:\WINDOWS\System32\Wbem;C:\WINDOWS\System32\WindowsPowerShell\v1.0\;C:\WINDOWS\System32\OpenSSH\;C:\Program Files\NVIDIA Corporation\NVIDIA NvDLISR;C:\Program Files\Git\cmd;C:\Users\X\AppData\Local\Microsoft\WindowsApps;D:\Dev\apache-maven-3.6.3\bin;;."/>
    <property name="java.vm.info" value="mixed mode, sharing"/>
    <property name="java.vendor" value="Oracle Corporation"/>
    <property name="java.vm.version" value="14.0.2+12-46"/>
    <property name="sun.io.unicode.encoding" value="UnicodeLittle"/>
    <property name="java.class.version" value="58.0"/>
  </properties>
  <testcase name="givenAListWith3Elements_whenInsertAtMiddleAfter_thenElementIsInserted" classname="uaslp.enginering.labs.list.ArrayListTest" time="0.032"/>
  <testcase name="givenAListWith3Elements_whenInsertAtBeginningBefore_thenElementIsInserted" classname="uaslp.enginering.labs.list.ArrayListTest" time="0.001"/>
  <testcase name="givenNewList_whenAdd_thenElementIsInserted" classname="uaslp.enginering.labs.list.ArrayListTest" time="0.001"/>
  <testcase name="givenAListWith3Elements_whenDeleteNegative_thenDoesNothing" classname="uaslp.enginering.labs.list.ArrayListTest" time="0.001"/>
  <testcase name="givenAListWithNoMoreCapacity_whenAdd_thenElementIsInserted" classname="uaslp.enginering.labs.list.ArrayListTest" time="0"/>
  <testcase name="givenAListWith3Elements_whenInsertAtEndBefore_thenElementIsInserted" classname="uaslp.enginering.labs.list.ArrayListTest" time="0"/>
  <testcase name="givenAListWith3Elements_whenDeleteMiddle_thenElementIsDeleted" classname="uaslp.enginering.labs.list.ArrayListTest" time="0"/>
  <testcase name="givenAListWith3Elements_whenDeleteOutOfSize_thenDoesNothing" classname="uaslp.enginering.labs.list.ArrayListTest" time="0"/>
  <testcase name="givenAListWith3Elements_whenDeleteLast_thenElementIsDeleted" classname="uaslp.enginering.labs.list.ArrayListTest" time="0.001"/>
  <testcase name="givenAListWith3Elements_whenInsertAtBeginningAfter_thenElementIsInserted" classname="uaslp.enginering.labs.list.ArrayListTest" time="0.001"/>
  <testcase name="givenAListWith3Elements_whenInsertAtMiddleBefore_thenElementIsInserted" classname="uaslp.enginering.labs.list.ArrayListTest" time="0.001"/>
  <testcase name="givenEmptyList_whenGetIterator_thenIteratorIsEmpty" classname="uaslp.enginering.labs.list.ArrayListTest" time="0.003"/>
  <testcase name="givenListWithOneElement_whenGetIterator_thenIteratorHasOneNext" classname="uaslp.enginering.labs.list.ArrayListTest" time="0.001"/>
  <testcase name="givenNewList_whenSize_thenZeroIsReturned" classname="uaslp.enginering.labs.list.ArrayListTest" time="0.001"/>
  <testcase name="givenAListWith3Elements_whenInsertAtEndAfter_thenElementIsInserted" classname="uaslp.enginering.labs.list.ArrayListTest" time="0.001"/>
  <testcase name="givenAListWith3Elements_whenDeleteFirst_thenElementIsDeleted" classname="uaslp.enginering.labs.list.ArrayListTest" time="0.001"/>
</testsuite>